#
# There is insufficient memory for the Java Runtime Environment to continue.
# Native memory allocation (malloc) failed to allocate 98976 bytes for Chunk::new
# Possible reasons:
#   The system is out of physical RAM or swap space
#   The process is running with CompressedOops enabled, and the Java Heap may be blocking the growth of the native heap
# Possible solutions:
#   Reduce memory load on the system
#   Increase physical memory or swap space
#   Check if swap backing store is full
#   Decrease Java heap size (-Xmx/-Xms)
#   Decrease number of Java threads
#   Decrease Java thread stack sizes (-Xss)
#   Set larger code cache with -XX:ReservedCodeCacheSize=
#   JVM is running with Unscaled Compressed Oops mode in which the Java heap is
#     placed in the first 4GB address space. The Java Heap base address is the
#     maximum limit for the native heap growth. Please use -XX:HeapBaseMinAddress
#     to set the Java Heap base and to place the Java Heap above 4GB virtual address.
# This output file may be truncated or incomplete.
#
#  Out of Memory Error (arena.cpp:189), pid=13932, tid=7460
#
# JRE version: Java(TM) SE Runtime Environment (17.0.1+12) (build 17.0.1+12-LTS-39)
# Java VM: Java HotSpot(TM) 64-Bit Server VM (17.0.1+12-LTS-39, mixed mode, sharing, tiered, compressed oops, compressed class ptrs, g1 gc, windows-amd64)
# No core dump will be written. Minidumps are not enabled by default on client versions of Windows
#

---------------  S U M M A R Y ------------

Command Line: -Dfile.encoding=UTF-8 --module-path=C:\Users\rahma\Documents\NetBeansProjects\Hotel Management System\build\classes hotel.management.system.AddRooms

Host: Intel(R) Core(TM) i5-6600K CPU @ 3.50GHz, 4 cores, 7G,  Windows 10 , 64 bit Build 19041 (10.0.19041.1348)
Time: Tue Dec 28 03:16:56 2021 Bangladesh Standard Time elapsed time: 0.167135 seconds (0d 0h 0m 0s)

---------------  T H R E A D  ---------------

Current thread (0x000001cd6ef0e830):  JavaThread "main" [_thread_in_vm, id=7460, stack(0x000000aeac700000,0x000000aeac800000)]

Stack: [0x000000aeac700000,0x000000aeac800000]
Native frames: (J=compiled Java code, j=interpreted, Vv=VM code, C=native code)
V  [jvm.dll+0x66fa1a]
V  [jvm.dll+0x7ce5a4]
V  [jvm.dll+0x7cfd4e]
V  [jvm.dll+0x7d03b3]
V  [jvm.dll+0x242b05]
V  [jvm.dll+0xaa05b]
V  [jvm.dll+0xaa5ec]
V  [jvm.dll+0x1efbda]
V  [jvm.dll+0x1ee972]
V  [jvm.dll+0x748afb]
V  [jvm.dll+0x749ea2]
V  [jvm.dll+0x74a639]
V  [jvm.dll+0x1e8ff4]
V  [jvm.dll+0x1de20a]
V  [jvm.dll+0x537690]
V  [jvm.dll+0x1ee9d7]
V  [jvm.dll+0x748afb]
V  [jvm.dll+0x749ea2]
V  [jvm.dll+0x74a639]
V  [jvm.dll+0x1e8ff4]
V  [jvm.dll+0x1de20a]
V  [jvm.dll+0x537690]
V  [jvm.dll+0x1ee9d7]
V  [jvm.dll+0x748afb]
V  [jvm.dll+0x749ea2]
V  [jvm.dll+0x74a639]
V  [jvm.dll+0x1e8ff4]
V  [jvm.dll+0x1de20a]
V  [jvm.dll+0x537690]
V  [jvm.dll+0x1ee9d7]
V  [jvm.dll+0x748afb]
V  [jvm.dll+0x749ea2]
V  [jvm.dll+0x74a639]
V  [jvm.dll+0x1e8ff4]
V  [jvm.dll+0x1de20a]
V  [jvm.dll+0x537690]
V  [jvm.dll+0x1ee9d7]
V  [jvm.dll+0x748afb]
V  [jvm.dll+0x749ea2]
V  [jvm.dll+0x40fa65]
C  [java.dll+0x1a55]

Java frames: (J=compiled Java code, j=interpreted, Vv=VM code)
j  java.lang.ClassLoader.findBootstrapClass(Ljava/lang/String;)Ljava/lang/Class;+0 java.base@17.0.1
j  java.lang.ClassLoader.findBootstrapClassOrNull(Ljava/lang/String;)Ljava/lang/Class;+10 java.base@17.0.1
j  java.lang.System$2.findBootstrapClassOrNull(Ljava/lang/String;)Ljava/lang/Class;+1 java.base@17.0.1
j  jdk.internal.loader.ClassLoaders$BootClassLoader.loadClassOrNull(Ljava/lang/String;Z)Ljava/lang/Class;+4 java.base@17.0.1
j  jdk.internal.loader.BuiltinClassLoader.loadClassOrNull(Ljava/lang/String;)Ljava/lang/Class;+3 java.base@17.0.1
j  jdk.internal.loader.BuiltinClassLoader.loadClassOrNull(Ljava/lang/String;Z)Ljava/lang/Class;+66 java.base@17.0.1
j  jdk.internal.loader.BuiltinClassLoader.loadClass(Ljava/lang/String;Z)Ljava/lang/Class;+3 java.base@17.0.1
j  jdk.internal.loader.ClassLoaders$AppClassLoader.loadClass(Ljava/lang/String;Z)Ljava/lang/Class;+36 java.base@17.0.1
j  java.lang.ClassLoader.loadClass(Ljava/lang/String;)Ljava/lang/Class;+3 java.base@17.0.1
v  ~StubRoutines::call_stub
j  java.lang.ClassLoader.defineClass1(Ljava/lang/ClassLoader;Ljava/lang/String;[BIILjava/security/ProtectionDomain;Ljava/lang/String;)Ljava/lang/Class;+0 java.base@17.0.1
j  java.lang.ClassLoader.defineClass(Ljava/lang/String;[BIILjava/security/ProtectionDomain;)Ljava/lang/Class;+27 java.base@17.0.1
j  java.security.SecureClassLoader.defineClass(Ljava/lang/String;[BIILjava/security/CodeSource;)Ljava/lang/Class;+12 java.base@17.0.1
j  jdk.internal.loader.BuiltinClassLoader.defineClass(Ljava/lang/String;Ljdk/internal/loader/Resource;)Ljava/lang/Class;+117 java.base@17.0.1
j  jdk.internal.loader.BuiltinClassLoader.findClassOnClassPathOrNull(Ljava/lang/String;)Ljava/lang/Class;+37 java.base@17.0.1
j  jdk.internal.loader.BuiltinClassLoader.loadClassOrNull(Ljava/lang/String;Z)Ljava/lang/Class;+111 java.base@17.0.1
j  jdk.internal.loader.BuiltinClassLoader.loadClass(Ljava/lang/String;Z)Ljava/lang/Class;+3 java.base@17.0.1
j  jdk.internal.loader.ClassLoaders$AppClassLoader.loadClass(Ljava/lang/String;Z)Ljava/lang/Class;+36 java.base@17.0.1
j  java.lang.ClassLoader.loadClass(Ljava/lang/String;)Ljava/lang/Class;+3 java.base@17.0.1
v  ~StubRoutines::call_stub
j  java.lang.Class.forName0(Ljava/lang/String;ZLjava/lang/ClassLoader;Ljava/lang/Class;)Ljava/lang/Class;+0 java.base@17.0.1
j  java.lang.Class.forName(Ljava/lang/String;ZLjava/lang/ClassLoader;)Ljava/lang/Class;+43 java.base@17.0.1
j  sun.launcher.LauncherHelper.loadMainClass(ILjava/lang/String;)Ljava/lang/Class;+95 java.base@17.0.1
j  sun.launcher.LauncherHelper.checkAndLoadMain(ZILjava/lang/String;)Ljava/lang/Class;+42 java.base@17.0.1
v  ~StubRoutines::call_stub

---------------  P R O C E S S  ---------------

Threads class SMR info:
_java_thread_list=0x000001cd0f9f6c80, length=13, elements={
0x000001cd6ef0e830, 0x000001cd7f605a60, 0x000001cd7f607400, 0x000001cd7f617300,
0x000001cd7f618de0, 0x000001cd7f61b3c0, 0x000001cd7f6258b0, 0x000001cd7f62d5c0,
0x000001cd7f62dad0, 0x000001cd7f62fff0, 0x000001cd7f5efe60, 0x000001cd0f9d8810,
0x000001cd0fae9890
}

Java Threads: ( => current thread )
=>0x000001cd6ef0e830 JavaThread "main" [_thread_in_vm, id=7460, stack(0x000000aeac700000,0x000000aeac800000)]
  0x000001cd7f605a60 JavaThread "Reference Handler" daemon [_thread_blocked, id=10164, stack(0x000000aeace00000,0x000000aeacf00000)]
  0x000001cd7f607400 JavaThread "Finalizer" daemon [_thread_blocked, id=7560, stack(0x000000aeacf00000,0x000000aead000000)]
  0x000001cd7f617300 JavaThread "Signal Dispatcher" daemon [_thread_blocked, id=15024, stack(0x000000aead000000,0x000000aead100000)]
  0x000001cd7f618de0 JavaThread "Attach Listener" daemon [_thread_blocked, id=8388, stack(0x000000aead100000,0x000000aead200000)]
  0x000001cd7f61b3c0 JavaThread "Service Thread" daemon [_thread_blocked, id=11644, stack(0x000000aead200000,0x000000aead300000)]
  0x000001cd7f6258b0 JavaThread "Monitor Deflation Thread" daemon [_thread_blocked, id=3744, stack(0x000000aead300000,0x000000aead400000)]
  0x000001cd7f62d5c0 JavaThread "C2 CompilerThread0" daemon [_thread_blocked, id=16592, stack(0x000000aead400000,0x000000aead500000)]
  0x000001cd7f62dad0 JavaThread "C1 CompilerThread0" daemon [_thread_blocked, id=9460, stack(0x000000aead500000,0x000000aead600000)]
  0x000001cd7f62fff0 JavaThread "Sweeper thread" daemon [_thread_blocked, id=18348, stack(0x000000aead600000,0x000000aead700000)]
  0x000001cd7f5efe60 JavaThread "Common-Cleaner" daemon [_thread_blocked, id=8592, stack(0x000000aead700000,0x000000aead800000)]
  0x000001cd0f9d8810 JavaThread "Notification Thread" daemon [_thread_blocked, id=6328, stack(0x000000aead800000,0x000000aead900000)]
  0x000001cd0fae9890 JavaThread "C2 CompilerThread1" daemon [_thread_blocked, id=17488, stack(0x000000aeada00000,0x000000aeadb00000)]

Other Threads:
  0x000001cd7f5fef40 VMThread "VM Thread" [stack: 0x000000aeacd00000,0x000000aeace00000] [id=15132]
  0x000001cd0f9d8ce0 WatcherThread [stack: 0x000000aead900000,0x000000aeada00000] [id=16724]
  0x000001cd6ef4bd20 GCTaskThread "GC Thread#0" [stack: 0x000000aeac800000,0x000000aeac900000] [id=17616]
  0x000001cd6ef5e850 ConcurrentGCThread "G1 Main Marker" [stack: 0x000000aeac900000,0x000000aeaca00000] [id=6268]
  0x000001cd6ef5f170 ConcurrentGCThread "G1 Conc#0" [stack: 0x000000aeaca00000,0x000000aeacb00000] [id=1156]
  0x000001cd6efd9ce0 ConcurrentGCThread "G1 Refine#0" [stack: 0x000000aeacb00000,0x000000aeacc00000] [id=17672]
  0x000001cd6efdc230 ConcurrentGCThread "G1 Service" [stack: 0x000000aeacc00000,0x000000aeacd00000] [id=18416]

Threads with active compile tasks:

VM state: not at safepoint (normal execution)

VM Mutex/Monitor currently owned by a thread: None

Heap address: 0x0000000081a00000, size: 2022 MB, Compressed Oops mode: 32-bit

CDS archive(s) mapped at: [0x0000000800000000-0x0000000800bc0000-0x0000000800bc0000), size 12320768, SharedBaseAddress: 0x0000000800000000, ArchiveRelocationMode: 0.
Compressed class space mapped at: 0x0000000800c00000-0x0000000840c00000, reserved size: 1073741824
Narrow klass base: 0x0000000800000000, Narrow klass shift: 0, Narrow klass range: 0x100000000

GC Precious Log:
 CPUs: 4 total, 4 available
 Memory: 8080M
 Large Page Support: Disabled
 NUMA Support: Disabled
 Compressed Oops: Enabled (32-bit)
 Heap Region Size: 1M
 Heap Min Capacity: 8M
 Heap Initial Capacity: 128M
 Heap Max Capacity: 2022M
 Pre-touch: Disabled
 Parallel Workers: 4
 Concurrent Workers: 1
 Concurrent Refinement Workers: 4
 Periodic GC: Disabled

Heap:
 garbage-first heap   total 131072K, used 1024K [0x0000000081a00000, 0x0000000100000000)
  region size 1024K, 2 young (2048K), 0 survivors (0K)
 Metaspace       used 572K, committed 768K, reserved 1056768K
  class space    used 31K, committed 128K, reserved 1048576K

Heap Regions: E=young(eden), S=young(survivor), O=old, HS=humongous(starts), HC=humongous(continues), CS=collection set, F=free, OA=open archive, CA=closed archive, TAMS=top-at-mark-start (previous, next)
|   0|0x0000000081a00000, 0x0000000081a00000, 0x0000000081b00000|  0%| F|  |TAMS 0x0000000081a00000, 0x0000000081a00000| Untracked 
|   1|0x0000000081b00000, 0x0000000081b00000, 0x0000000081c00000|  0%| F|  |TAMS 0x0000000081b00000, 0x0000000081b00000| Untracked 
|   2|0x0000000081c00000, 0x0000000081c00000, 0x0000000081d00000|  0%| F|  |TAMS 0x0000000081c00000, 0x0000000081c00000| Untracked 
|   3|0x0000000081d00000, 0x0000000081d00000, 0x0000000081e00000|  0%| F|  |TAMS 0x0000000081d00000, 0x0000000081d00000| Untracked 
|   4|0x0000000081e00000, 0x0000000081e00000, 0x0000000081f00000|  0%| F|  |TAMS 0x0000000081e00000, 0x0000000081e00000| Untracked 
|   5|0x0000000081f00000, 0x0000000081f00000, 0x0000000082000000|  0%| F|  |TAMS 0x0000000081f00000, 0x0000000081f00000| Untracked 
|   6|0x0000000082000000, 0x0000000082000000, 0x0000000082100000|  0%| F|  |TAMS 0x0000000082000000, 0x0000000082000000| Untracked 
|   7|0x0000000082100000, 0x0000000082100000, 0x0000000082200000|  0%| F|  |TAMS 0x0000000082100000, 0x0000000082100000| Untracked 
|   8|0x0000000082200000, 0x0000000082200000, 0x0000000082300000|  0%| F|  |TAMS 0x0000000082200000, 0x0000000082200000| Untracked 
|   9|0x0000000082300000, 0x0000000082300000, 0x0000000082400000|  0%| F|  |TAMS 0x0000000082300000, 0x0000000082300000| Untracked 
|  10|0x0000000082400000, 0x0000000082400000, 0x0000000082500000|  0%| F|  |TAMS 0x0000000082400000, 0x0000000082400000| Untracked 
|  11|0x0000000082500000, 0x0000000082500000, 0x0000000082600000|  0%| F|  |TAMS 0x0000000082500000, 0x0000000082500000| Untracked 
|  12|0x0000000082600000, 0x0000000082600000, 0x0000000082700000|  0%| F|  |TAMS 0x0000000082600000, 0x0000000082600000| Untracked 
|  13|0x0000000082700000, 0x0000000082700000, 0x0000000082800000|  0%| F|  |TAMS 0x0000000082700000, 0x0000000082700000| Untracked 
|  14|0x0000000082800000, 0x0000000082800000, 0x0000000082900000|  0%| F|  |TAMS 0x0000000082800000, 0x0000000082800000| Untracked 
|  15|0x0000000082900000, 0x0000000082900000, 0x0000000082a00000|  0%| F|  |TAMS 0x0000000082900000, 0x0000000082900000| Untracked 
|  16|0x0000000082a00000, 0x0000000082a00000, 0x0000000082b00000|  0%| F|  |TAMS 0x0000000082a00000, 0x0000000082a00000| Untracked 
|  17|0x0000000082b00000, 0x0000000082b00000, 0x0000000082c00000|  0%| F|  |TAMS 0x0000000082b00000, 0x0000000082b00000| Untracked 
|  18|0x0000000082c00000, 0x0000000082c00000, 0x0000000082d00000|  0%| F|  |TAMS 0x0000000082c00000, 0x0000000082c00000| Untracked 
|  19|0x0000000082d00000, 0x0000000082d00000, 0x0000000082e00000|  0%| F|  |TAMS 0x0000000082d00000, 0x0000000082d00000| Untracked 
|  20|0x0000000082e00000, 0x0000000082e00000, 0x0000000082f00000|  0%| F|  |TAMS 0x0000000082e00000, 0x0000000082e00000| Untracked 
|  21|0x0000000082f00000, 0x0000000082f00000, 0x0000000083000000|  0%| F|  |TAMS 0x0000000082f00000, 0x0000000082f00000| Untracked 
|  22|0x0000000083000000, 0x0000000083000000, 0x0000000083100000|  0%| F|  |TAMS 0x0000000083000000, 0x0000000083000000| Untracked 
|  23|0x0000000083100000, 0x0000000083100000, 0x0000000083200000|  0%| F|  |TAMS 0x0000000083100000, 0x0000000083100000| Untracked 
|  24|0x0000000083200000, 0x0000000083200000, 0x0000000083300000|  0%| F|  |TAMS 0x0000000083200000, 0x0000000083200000| Untracked 
|  25|0x0000000083300000, 0x0000000083300000, 0x0000000083400000|  0%| F|  |TAMS 0x0000000083300000, 0x0000000083300000| Untracked 
|  26|0x0000000083400000, 0x0000000083400000, 0x0000000083500000|  0%| F|  |TAMS 0x0000000083400000, 0x0000000083400000| Untracked 
|  27|0x0000000083500000, 0x0000000083500000, 0x0000000083600000|  0%| F|  |TAMS 0x0000000083500000, 0x0000000083500000| Untracked 
|  28|0x0000000083600000, 0x0000000083600000, 0x0000000083700000|  0%| F|  |TAMS 0x0000000083600000, 0x0000000083600000| Untracked 
|  29|0x0000000083700000, 0x0000000083700000, 0x0000000083800000|  0%| F|  |TAMS 0x0000000083700000, 0x0000000083700000| Untracked 
|  30|0x0000000083800000, 0x0000000083800000, 0x0000000083900000|  0%| F|  |TAMS 0x0000000083800000, 0x0000000083800000| Untracked 
|  31|0x0000000083900000, 0x0000000083900000, 0x0000000083a00000|  0%| F|  |TAMS 0x0000000083900000, 0x0000000083900000| Untracked 
|  32|0x0000000083a00000, 0x0000000083a00000, 0x0000000083b00000|  0%| F|  |TAMS 0x0000000083a00000, 0x0000000083a00000| Untracked 
|  33|0x0000000083b00000, 0x0000000083b00000, 0x0000000083c00000|  0%| F|  |TAMS 0x0000000083b00000, 0x0000000083b00000| Untracked 
|  34|0x0000000083c00000, 0x0000000083c00000, 0x0000000083d00000|  0%| F|  |TAMS 0x0000000083c00000, 0x0000000083c00000| Untracked 
|  35|0x0000000083d00000, 0x0000000083d00000, 0x0000000083e00000|  0%| F|  |TAMS 0x0000000083d00000, 0x0000000083d00000| Untracked 
|  36|0x0000000083e00000, 0x0000000083e00000, 0x0000000083f00000|  0%| F|  |TAMS 0x0000000083e00000, 0x0000000083e00000| Untracked 
|  37|0x0000000083f00000, 0x0000000083f00000, 0x0000000084000000|  0%| F|  |TAMS 0x0000000083f00000, 0x0000000083f00000| Untracked 
|  38|0x0000000084000000, 0x0000000084000000, 0x0000000084100000|  0%| F|  |TAMS 0x0000000084000000, 0x0000000084000000| Untracked 
|  39|0x0000000084100000, 0x0000000084100000, 0x0000000084200000|  0%| F|  |TAMS 0x0000000084100000, 0x0000000084100000| Untracked 
|  40|0x0000000084200000, 0x0000000084200000, 0x0000000084300000|  0%| F|  |TAMS 0x0000000084200000, 0x0000000084200000| Untracked 
|  41|0x0000000084300000, 0x0000000084300000, 0x0000000084400000|  0%| F|  |TAMS 0x0000000084300000, 0x0000000084300000| Untracked 
|  42|0x0000000084400000, 0x0000000084400000, 0x0000000084500000|  0%| F|  |TAMS 0x0000000084400000, 0x0000000084400000| Untracked 
|  43|0x0000000084500000, 0x0000000084500000, 0x0000000084600000|  0%| F|  |TAMS 0x0000000084500000, 0x0000000084500000| Untracked 
|  44|0x0000000084600000, 0x0000000084600000, 0x0000000084700000|  0%| F|  |TAMS 0x0000000084600000, 0x0000000084600000| Untracked 
|  45|0x0000000084700000, 0x0000000084700000, 0x0000000084800000|  0%| F|  |TAMS 0x0000000084700000, 0x0000000084700000| Untracked 
|  46|0x0000000084800000, 0x0000000084800000, 0x0000000084900000|  0%| F|  |TAMS 0x0000000084800000, 0x0000000084800000| Untracked 
|  47|0x0000000084900000, 0x0000000084900000, 0x0000000084a00000|  0%| F|  |TAMS 0x0000000084900000, 0x0000000084900000| Untracked 
|  48|0x0000000084a00000, 0x0000000084a00000, 0x0000000084b00000|  0%| F|  |TAMS 0x0000000084a00000, 0x0000000084a00000| Untracked 
|  49|0x0000000084b00000, 0x0000000084b00000, 0x0000000084c00000|  0%| F|  |TAMS 0x0000000084b00000, 0x0000000084b00000| Untracked 
|  50|0x0000000084c00000, 0x0000000084c00000, 0x0000000084d00000|  0%| F|  |TAMS 0x0000000084c00000, 0x0000000084c00000| Untracked 
|  51|0x0000000084d00000, 0x0000000084d00000, 0x0000000084e00000|  0%| F|  |TAMS 0x0000000084d00000, 0x0000000084d00000| Untracked 
|  52|0x0000000084e00000, 0x0000000084e00000, 0x0000000084f00000|  0%| F|  |TAMS 0x0000000084e00000, 0x0000000084e00000| Untracked 
|  53|0x0000000084f00000, 0x0000000084f00000, 0x0000000085000000|  0%| F|  |TAMS 0x0000000084f00000, 0x0000000084f00000| Untracked 
|  54|0x0000000085000000, 0x0000000085000000, 0x0000000085100000|  0%| F|  |TAMS 0x0000000085000000, 0x0000000085000000| Untracked 
|  55|0x0000000085100000, 0x0000000085100000, 0x0000000085200000|  0%| F|  |TAMS 0x0000000085100000, 0x0000000085100000| Untracked 
|  56|0x0000000085200000, 0x0000000085200000, 0x0000000085300000|  0%| F|  |TAMS 0x0000000085200000, 0x0000000085200000| Untracked 
|  57|0x0000000085300000, 0x0000000085300000, 0x0000000085400000|  0%| F|  |TAMS 0x0000000085300000, 0x0000000085300000| Untracked 
|  58|0x0000000085400000, 0x0000000085400000, 0x0000000085500000|  0%| F|  |TAMS 0x0000000085400000, 0x0000000085400000| Untracked 
|  59|0x0000000085500000, 0x0000000085500000, 0x0000000085600000|  0%| F|  |TAMS 0x0000000085500000, 0x0000000085500000| Untracked 
|  60|0x0000000085600000, 0x0000000085600000, 0x0000000085700000|  0%| F|  |TAMS 0x0000000085600000, 0x0000000085600000| Untracked 
|  61|0x0000000085700000, 0x0000000085700000, 0x0000000085800000|  0%| F|  |TAMS 0x0000000085700000, 0x0000000085700000| Untracked 
|  62|0x0000000085800000, 0x0000000085800000, 0x0000000085900000|  0%| F|  |TAMS 0x0000000085800000, 0x0000000085800000| Untracked 
|  63|0x0000000085900000, 0x0000000085900000, 0x0000000085a00000|  0%| F|  |TAMS 0x0000000085900000, 0x0000000085900000| Untracked 
|  64|0x0000000085a00000, 0x0000000085a00000, 0x0000000085b00000|  0%| F|  |TAMS 0x0000000085a00000, 0x0000000085a00000| Untracked 
|  65|0x0000000085b00000, 0x0000000085b00000, 0x0000000085c00000|  0%| F|  |TAMS 0x0000000085b00000, 0x0000000085b00000| Untracked 
|  66|0x0000000085c00000, 0x0000000085c00000, 0x0000000085d00000|  0%| F|  |TAMS 0x0000000085c00000, 0x0000000085c00000| Untracked 
|  67|0x0000000085d00000, 0x0000000085d00000, 0x0000000085e00000|  0%| F|  |TAMS 0x0000000085d00000, 0x0000000085d00000| Untracked 
|  68|0x0000000085e00000, 0x0000000085e00000, 0x0000000085f00000|  0%| F|  |TAMS 0x0000000085e00000, 0x0000000085e00000| Untracked 
|  69|0x0000000085f00000, 0x0000000085f00000, 0x0000000086000000|  0%| F|  |TAMS 0x0000000085f00000, 0x0000000085f00000| Untracked 
|  70|0x0000000086000000, 0x0000000086000000, 0x0000000086100000|  0%| F|  |TAMS 0x0000000086000000, 0x0000000086000000| Untracked 
|  71|0x0000000086100000, 0x0000000086100000, 0x0000000086200000|  0%| F|  |TAMS 0x0000000086100000, 0x0000000086100000| Untracked 
|  72|0x0000000086200000, 0x0000000086200000, 0x0000000086300000|  0%| F|  |TAMS 0x0000000086200000, 0x0000000086200000| Untracked 
|  73|0x0000000086300000, 0x0000000086300000, 0x0000000086400000|  0%| F|  |TAMS 0x0000000086300000, 0x0000000086300000| Untracked 
|  74|0x0000000086400000, 0x0000000086400000, 0x0000000086500000|  0%| F|  |TAMS 0x0000000086400000, 0x0000000086400000| Untracked 
|  75|0x0000000086500000, 0x0000000086500000, 0x0000000086600000|  0%| F|  |TAMS 0x0000000086500000, 0x0000000086500000| Untracked 
|  76|0x0000000086600000, 0x0000000086600000, 0x0000000086700000|  0%| F|  |TAMS 0x0000000086600000, 0x0000000086600000| Untracked 
|  77|0x0000000086700000, 0x0000000086700000, 0x0000000086800000|  0%| F|  |TAMS 0x0000000086700000, 0x0000000086700000| Untracked 
|  78|0x0000000086800000, 0x0000000086800000, 0x0000000086900000|  0%| F|  |TAMS 0x0000000086800000, 0x0000000086800000| Untracked 
|  79|0x0000000086900000, 0x0000000086900000, 0x0000000086a00000|  0%| F|  |TAMS 0x0000000086900000, 0x0000000086900000| Untracked 
|  80|0x0000000086a00000, 0x0000000086a00000, 0x0000000086b00000|  0%| F|  |TAMS 0x0000000086a00000, 0x0000000086a00000| Untracked 
|  81|0x0000000086b00000, 0x0000000086b00000, 0x0000000086c00000|  0%| F|  |TAMS 0x0000000086b00000, 0x0000000086b00000| Untracked 
|  82|0x0000000086c00000, 0x0000000086c00000, 0x0000000086d00000|  0%| F|  |TAMS 0x0000000086c00000, 0x0000000086c00000| Untracked 
|  83|0x0000000086d00000, 0x0000000086d00000, 0x0000000086e00000|  0%| F|  |TAMS 0x0000000086d00000, 0x0000000086d00000| Untracked 
|  84|0x0000000086e00000, 0x0000000086e00000, 0x0000000086f00000|  0%| F|  |TAMS 0x0000000086e00000, 0x0000000086e00000| Untracked 
|  85|0x0000000086f00000, 0x0000000086f00000, 0x0000000087000000|  0%| F|  |TAMS 0x0000000086f00000, 0x0000000086f00000| Untracked 
|  86|0x0000000087000000, 0x0000000087000000, 0x0000000087100000|  0%| F|  |TAMS 0x0000000087000000, 0x0000000087000000| Untracked 
|  87|0x0000000087100000, 0x0000000087100000, 0x0000000087200000|  0%| F|  |TAMS 0x0000000087100000, 0x0000000087100000| Untracked 
|  88|0x0000000087200000, 0x0000000087200000, 0x0000000087300000|  0%| F|  |TAMS 0x0000000087200000, 0x0000000087200000| Untracked 
|  89|0x0000000087300000, 0x0000000087300000, 0x0000000087400000|  0%| F|  |TAMS 0x0000000087300000, 0x0000000087300000| Untracked 
|  90|0x0000000087400000, 0x0000000087400000, 0x0000000087500000|  0%| F|  |TAMS 0x0000000087400000, 0x0000000087400000| Untracked 
|  91|0x0000000087500000, 0x0000000087500000, 0x0000000087600000|  0%| F|  |TAMS 0x0000000087500000, 0x0000000087500000| Untracked 
|  92|0x0000000087600000, 0x0000000087600000, 0x0000000087700000|  0%| F|  |TAMS 0x0000000087600000, 0x0000000087600000| Untracked 
|  93|0x0000000087700000, 0x0000000087700000, 0x0000000087800000|  0%| F|  |TAMS 0x0000000087700000, 0x0000000087700000| Untracked 
|  94|0x0000000087800000, 0x0000000087800000, 0x0000000087900000|  0%| F|  |TAMS 0x0000000087800000, 0x0000000087800000| Untracked 
|  95|0x0000000087900000, 0x0000000087900000, 0x0000000087a00000|  0%| F|  |TAMS 0x0000000087900000, 0x0000000087900000| Untracked 
|  96|0x0000000087a00000, 0x0000000087a00000, 0x0000000087b00000|  0%| F|  |TAMS 0x0000000087a00000, 0x0000000087a00000| Untracked 
|  97|0x0000000087b00000, 0x0000000087b00000, 0x0000000087c00000|  0%| F|  |TAMS 0x0000000087b00000, 0x0000000087b00000| Untracked 
|  98|0x0000000087c00000, 0x0000000087c00000, 0x0000000087d00000|  0%| F|  |TAMS 0x0000000087c00000, 0x0000000087c00000| Untracked 
|  99|0x0000000087d00000, 0x0000000087d00000, 0x0000000087e00000|  0%| F|  |TAMS 0x0000000087d00000, 0x0000000087d00000| Untracked 
| 100|0x0000000087e00000, 0x0000000087e00000, 0x0000000087f00000|  0%| F|  |TAMS 0x0000000087e00000, 0x0000000087e00000| Untracked 
| 101|0x0000000087f00000, 0x0000000087f00000, 0x0000000088000000|  0%| F|  |TAMS 0x0000000087f00000, 0x0000000087f00000| Untracked 
| 102|0x0000000088000000, 0x0000000088000000, 0x0000000088100000|  0%| F|  |TAMS 0x0000000088000000, 0x0000000088000000| Untracked 
| 103|0x0000000088100000, 0x0000000088100000, 0x0000000088200000|  0%| F|  |TAMS 0x0000000088100000, 0x0000000088100000| Untracked 
| 104|0x0000000088200000, 0x0000000088200000, 0x0000000088300000|  0%| F|  |TAMS 0x0000000088200000, 0x0000000088200000| Untracked 
| 105|0x0000000088300000, 0x0000000088300000, 0x0000000088400000|  0%| F|  |TAMS 0x0000000088300000, 0x0000000088300000| Untracked 
| 106|0x0000000088400000, 0x0000000088400000, 0x0000000088500000|  0%| F|  |TAMS 0x0000000088400000, 0x0000000088400000| Untracked 
| 107|0x0000000088500000, 0x0000000088500000, 0x0000000088600000|  0%| F|  |TAMS 0x0000000088500000, 0x0000000088500000| Untracked 
| 108|0x0000000088600000, 0x0000000088600000, 0x0000000088700000|  0%| F|  |TAMS 0x0000000088600000, 0x0000000088600000| Untracked 
| 109|0x0000000088700000, 0x0000000088700000, 0x0000000088800000|  0%| F|  |TAMS 0x0000000088700000, 0x0000000088700000| Untracked 
| 110|0x0000000088800000, 0x0000000088800000, 0x0000000088900000|  0%| F|  |TAMS 0x0000000088800000, 0x0000000088800000| Untracked 
| 111|0x0000000088900000, 0x0000000088900000, 0x0000000088a00000|  0%| F|  |TAMS 0x0000000088900000, 0x0000000088900000| Untracked 
| 112|0x0000000088a00000, 0x0000000088a00000, 0x0000000088b00000|  0%| F|  |TAMS 0x0000000088a00000, 0x0000000088a00000| Untracked 
| 113|0x0000000088b00000, 0x0000000088b00000, 0x0000000088c00000|  0%| F|  |TAMS 0x0000000088b00000, 0x0000000088b00000| Untracked 
| 114|0x0000000088c00000, 0x0000000088c00000, 0x0000000088d00000|  0%| F|  |TAMS 0x0000000088c00000, 0x0000000088c00000| Untracked 
| 115|0x0000000088d00000, 0x0000000088d00000, 0x0000000088e00000|  0%| F|  |TAMS 0x0000000088d00000, 0x0000000088d00000| Untracked 
| 116|0x0000000088e00000, 0x0000000088e00000, 0x0000000088f00000|  0%| F|  |TAMS 0x0000000088e00000, 0x0000000088e00000| Untracked 
| 117|0x0000000088f00000, 0x0000000088f00000, 0x0000000089000000|  0%| F|  |TAMS 0x0000000088f00000, 0x0000000088f00000| Untracked 
| 118|0x0000000089000000, 0x0000000089000000, 0x0000000089100000|  0%| F|  |TAMS 0x0000000089000000, 0x0000000089000000| Untracked 
| 119|0x0000000089100000, 0x0000000089100000, 0x0000000089200000|  0%| F|  |TAMS 0x0000000089100000, 0x0000000089100000| Untracked 
| 120|0x0000000089200000, 0x0000000089200000, 0x0000000089300000|  0%| F|  |TAMS 0x0000000089200000, 0x0000000089200000| Untracked 
| 121|0x0000000089300000, 0x0000000089300000, 0x0000000089400000|  0%| F|  |TAMS 0x0000000089300000, 0x0000000089300000| Untracked 
| 122|0x0000000089400000, 0x0000000089400000, 0x0000000089500000|  0%| F|  |TAMS 0x0000000089400000, 0x0000000089400000| Untracked 
| 123|0x0000000089500000, 0x0000000089500000, 0x0000000089600000|  0%| F|  |TAMS 0x0000000089500000, 0x0000000089500000| Untracked 
| 124|0x0000000089600000, 0x0000000089600000, 0x0000000089700000|  0%| F|  |TAMS 0x0000000089600000, 0x0000000089600000| Untracked 
| 125|0x0000000089700000, 0x0000000089700000, 0x0000000089800000|  0%| F|  |TAMS 0x0000000089700000, 0x0000000089700000| Untracked 
| 126|0x0000000089800000, 0x0000000089900000, 0x0000000089900000|100%| E|  |TAMS 0x0000000089800000, 0x0000000089800000| Complete 
| 127|0x0000000089900000, 0x0000000089a00000, 0x0000000089a00000|100%| E|CS|TAMS 0x0000000089900000, 0x0000000089900000| Complete 

Card table byte_map: [0x000001cd788f0000,0x000001cd78cf0000] _byte_map_base: 0x000001cd784e3000

Marking Bits (Prev, Next): (CMBitMap*) 0x000001cd6ef4e260, (CMBitMap*) 0x000001cd6ef4e2a0
 Prev Bits: [0x000001cd790f0000, 0x000001cd7b088000)
 Next Bits: [0x000001cd7b090000, 0x000001cd7d028000)

Polling page: 0x000001cd6edc0000

Metaspace:

Usage:
  Non-class:    541.21 KB used.
      Class:     31.18 KB used.
       Both:    572.39 KB used.

Virtual space:
  Non-class space:        8.00 MB reserved,     640.00 KB (  8%) committed,  1 nodes.
      Class space:        1.00 GB reserved,     128.00 KB ( <1%) committed,  1 nodes.
             Both:        1.01 GB reserved,     768.00 KB ( <1%) committed. 

Chunk freelists:
   Non-Class:  3.99 MB
       Class:  3.75 MB
        Both:  7.74 MB

MaxMetaspaceSize: unlimited
CompressedClassSpaceSize: 1.00 GB
Initial GC threshold: 21.00 MB
Current GC threshold: 21.00 MB
CDS: on
MetaspaceReclaimPolicy: balanced
 - commit_granule_bytes: 65536.
 - commit_granule_words: 8192.
 - virtual_space_node_default_size: 1048576.
 - enlarge_chunks_in_place: 1.
 - new_chunks_are_fully_committed: 0.
 - uncommit_free_chunks: 1.
 - use_allocation_guard: 0.
 - handle_deallocations: 1.


Internal statistics:

num_allocs_failed_limit: 0.
num_arena_births: 6.
num_arena_deaths: 0.
num_vsnodes_births: 2.
num_vsnodes_deaths: 0.
num_space_committed: 12.
num_space_uncommitted: 0.
num_chunks_returned_to_freelist: 0.
num_chunks_taken_from_freelist: 7.
num_chunk_merges: 0.
num_chunk_splits: 2.
num_chunks_enlarged: 1.
num_purges: 0.
num_inconsistent_stats: 0.

CodeHeap 'non-profiled nmethods': size=120000Kb used=62Kb max_used=62Kb free=119937Kb
 bounds [0x000001cd07ad0000, 0x000001cd07d40000, 0x000001cd0f000000]
CodeHeap 'profiled nmethods': size=120000Kb used=195Kb max_used=195Kb free=119804Kb
 bounds [0x000001cd005a0000, 0x000001cd00810000, 0x000001cd07ad0000]
CodeHeap 'non-nmethods': size=5760Kb used=1094Kb max_used=1112Kb free=4665Kb
 bounds [0x000001cd00000000, 0x000001cd00270000, 0x000001cd005a0000]
 total_blobs=555 nmethods=189 adapters=279
 compilation: enabled
              stopped_count=0, restarted_count=0
 full_count=0

Compilation events (20 events):
Event: 0.071 Thread 0x000001cd7f62dad0 nmethod 185 0x000001cd005ced90 code [0x000001cd005cef20, 0x000001cd005cf0d8]
Event: 0.071 Thread 0x000001cd7f62dad0  177       3       java.util.zip.ZipUtils::CENSIG (8 bytes)
Event: 0.071 Thread 0x000001cd7f62dad0 nmethod 177 0x000001cd005cf210 code [0x000001cd005cf3c0, 0x000001cd005cf698]
Event: 0.071 Thread 0x000001cd7f62dad0  186       3       java.lang.Math::max (11 bytes)
Event: 0.071 Thread 0x000001cd7f62dad0 nmethod 186 0x000001cd005cf810 code [0x000001cd005cf9a0, 0x000001cd005cfad8]
Event: 0.071 Thread 0x000001cd7f62dad0  182       3       java.util.zip.ZipFile$Source::isMetaName (141 bytes)
Event: 0.071 Thread 0x000001cd7f62dad0 nmethod 182 0x000001cd005cfb90 code [0x000001cd005cfd40, 0x000001cd005d0258]
Event: 0.072 Thread 0x000001cd7f62dad0  187       3       sun.nio.fs.WindowsPathParser::isInvalidPathChar (22 bytes)
Event: 0.072 Thread 0x000001cd7f62dad0 nmethod 187 0x000001cd005d0410 code [0x000001cd005d05e0, 0x000001cd005d0928]
Event: 0.072 Thread 0x000001cd0fae9890  188       4       java.util.zip.ZipCoder$UTF8ZipCoder::checkedHash (91 bytes)
Event: 0.073 Thread 0x000001cd7f62dad0  189       3       java.io.WinNTFileSystem::isSlash (18 bytes)
Event: 0.073 Thread 0x000001cd7f62dad0 nmethod 189 0x000001cd005d0a90 code [0x000001cd005d0c20, 0x000001cd005d0db8]
Event: 0.074 Thread 0x000001cd7f62d5c0 nmethod 154 0x000001cd07adda90 code [0x000001cd07addc60, 0x000001cd07ade5f8]
Event: 0.074 Thread 0x000001cd7f62d5c0  174       4       java.util.zip.ZipUtils::SH (21 bytes)
Event: 0.075 Thread 0x000001cd7f62d5c0 nmethod 174 0x000001cd07adeb90 code [0x000001cd07aded00, 0x000001cd07adedb8]
Event: 0.075 Thread 0x000001cd7f62d5c0  131       4       java.util.ImmutableCollections$SetN$SetNIterator::hasNext (13 bytes)
Event: 0.075 Thread 0x000001cd7f62d5c0 nmethod 131 0x000001cd07adee90 code [0x000001cd07adf000, 0x000001cd07adf098]
Event: 0.075 Thread 0x000001cd7f62d5c0  155       4       java.util.HashMap::newNode (13 bytes)
Event: 0.076 Thread 0x000001cd7f62d5c0 nmethod 155 0x000001cd07adf190 code [0x000001cd07adf320, 0x000001cd07adf438]
Event: 0.076 Thread 0x000001cd0fae9890 nmethod 188 0x000001cd07adf510 code [0x000001cd07adf6a0, 0x000001cd07adf9f8]

GC Heap History (0 events):
No events

Deoptimization events (0 events):
No events

Classes unloaded (0 events):
No events

Classes redefined (0 events):
No events

Internal exceptions (3 events):
Event: 0.057 Thread 0x000001cd6ef0e830 Exception <a 'sun/nio/fs/WindowsException'{0x0000000089830be8}> (0x0000000089830be8) 
thrown [t:\workspace\open\src\hotspot\share\prims\jni.cpp, line 516]
Event: 0.057 Thread 0x000001cd6ef0e830 Exception <a 'sun/nio/fs/WindowsException'{0x0000000089831168}> (0x0000000089831168) 
thrown [t:\workspace\open\src\hotspot\share\prims\jni.cpp, line 516]
Event: 0.058 Thread 0x000001cd6ef0e830 Exception <a 'sun/nio/fs/WindowsException'{0x00000000898335f0}> (0x00000000898335f0) 
thrown [t:\workspace\open\src\hotspot\share\prims\jni.cpp, line 516]

VM Operations (2 events):
Event: 0.059 Executing VM operation: HandshakeAllThreads
Event: 0.059 Executing VM operation: HandshakeAllThreads done

Events (20 events):
Event: 0.073 loading class jdk/internal/loader/URLClassPath$FileLoader$1 done
Event: 0.074 loading class java/awt/event/ActionListener
Event: 0.074 loading class java/util/EventListener
Event: 0.074 loading class java/util/EventListener done
Event: 0.074 loading class java/awt/event/ActionListener done
Event: 0.074 loading class javax/swing/JFrame
Event: 0.074 loading class javax/swing/WindowConstants
Event: 0.074 loading class javax/swing/WindowConstants done
Event: 0.074 loading class javax/accessibility/Accessible
Event: 0.075 loading class javax/accessibility/Accessible done
Event: 0.075 loading class javax/swing/RootPaneContainer
Event: 0.075 loading class javax/swing/RootPaneContainer done
Event: 0.075 loading class javax/swing/TransferHandler$HasGetTransferHandler
Event: 0.075 loading class javax/swing/TransferHandler$HasGetTransferHandler done
Event: 0.075 loading class java/awt/Frame
Event: 0.075 loading class java/awt/MenuContainer
Event: 0.075 loading class java/awt/MenuContainer done
Event: 0.075 loading class java/awt/Window
Event: 0.075 loading class java/awt/Container
Event: 0.075 loading class java/awt/Component


Dynamic libraries:
0x00007ff694810000 - 0x00007ff694820000 	C:\Program Files\Java\jdk-17.0.1\bin\java.exe
0x00007ff8f3390000 - 0x00007ff8f3585000 	C:\WINDOWS\SYSTEM32\ntdll.dll
0x00007ff8f1530000 - 0x00007ff8f15ee000 	C:\WINDOWS\System32\KERNEL32.DLL
0x00007ff8f0fa0000 - 0x00007ff8f1268000 	C:\WINDOWS\System32\KERNELBASE.dll
0x00007ff8f0e00000 - 0x00007ff8f0f00000 	C:\WINDOWS\System32\ucrtbase.dll
0x00007ff8ec440000 - 0x00007ff8ec45a000 	C:\Program Files\Java\jdk-17.0.1\bin\VCRUNTIME140.dll
0x00007ff8df470000 - 0x00007ff8df488000 	C:\Program Files\Java\jdk-17.0.1\bin\jli.dll
0x00007ff8f21a0000 - 0x00007ff8f224c000 	C:\WINDOWS\System32\ADVAPI32.dll
0x00007ff8f26d0000 - 0x00007ff8f276e000 	C:\WINDOWS\System32\msvcrt.dll
0x00007ff8f1dc0000 - 0x00007ff8f1e5b000 	C:\WINDOWS\System32\sechost.dll
0x00007ff8f1bf0000 - 0x00007ff8f1d1a000 	C:\WINDOWS\System32\RPCRT4.dll
0x00007ff8de8e0000 - 0x00007ff8deb7a000 	C:\WINDOWS\WinSxS\amd64_microsoft.windows.common-controls_6595b64144ccf1df_6.0.19041.1110_none_60b5254171f9507e\COMCTL32.dll
0x00007ff8f3140000 - 0x00007ff8f32e1000 	C:\WINDOWS\System32\USER32.dll
0x00007ff8f1ae0000 - 0x00007ff8f1b0b000 	C:\WINDOWS\System32\GDI32.dll
0x00007ff8f0b50000 - 0x00007ff8f0b72000 	C:\WINDOWS\System32\win32u.dll
0x00007ff8f0bd0000 - 0x00007ff8f0cdd000 	C:\WINDOWS\System32\gdi32full.dll
0x00007ff8f0f00000 - 0x00007ff8f0f9d000 	C:\WINDOWS\System32\msvcp_win.dll
0x00007ff8ebb40000 - 0x00007ff8ebb4a000 	C:\WINDOWS\SYSTEM32\VERSION.dll
0x00007ff8f1d20000 - 0x00007ff8f1d50000 	C:\WINDOWS\System32\IMM32.DLL
0x00007ff8ec760000 - 0x00007ff8ec76c000 	C:\Program Files\Java\jdk-17.0.1\bin\vcruntime140_1.dll
0x00007ff8cdf90000 - 0x00007ff8ce01d000 	C:\Program Files\Java\jdk-17.0.1\bin\msvcp140.dll
0x00007ff8ae290000 - 0x00007ff8aee4e000 	C:\Program Files\Java\jdk-17.0.1\bin\server\jvm.dll
0x00007ff8f1520000 - 0x00007ff8f1528000 	C:\WINDOWS\System32\PSAPI.DLL
0x00007ff8d5ff0000 - 0x00007ff8d6017000 	C:\WINDOWS\SYSTEM32\WINMM.dll
0x00007ff8ec770000 - 0x00007ff8ec779000 	C:\WINDOWS\SYSTEM32\WSOCK32.dll
0x00007ff8f1e60000 - 0x00007ff8f1ecb000 	C:\WINDOWS\System32\WS2_32.dll
0x00007ff8ee9b0000 - 0x00007ff8ee9c2000 	C:\WINDOWS\SYSTEM32\kernel.appcore.dll
0x00007ff8ebf60000 - 0x00007ff8ebf6a000 	C:\Program Files\Java\jdk-17.0.1\bin\jimage.dll
0x00007ff8dd5b0000 - 0x00007ff8dd794000 	C:\WINDOWS\SYSTEM32\DBGHELP.DLL
0x00007ff8dc3f0000 - 0x00007ff8dc41c000 	C:\WINDOWS\SYSTEM32\dbgcore.DLL
0x00007ff8f0d40000 - 0x00007ff8f0dc2000 	C:\WINDOWS\System32\bcryptPrimitives.dll
0x00007ff8e1810000 - 0x00007ff8e1835000 	C:\Program Files\Java\jdk-17.0.1\bin\java.dll
0x00007ff8df250000 - 0x00007ff8df326000 	C:\Program Files\Java\jdk-17.0.1\bin\svml.dll
0x00007ff8f28c0000 - 0x00007ff8f3004000 	C:\WINDOWS\System32\SHELL32.dll
0x00007ff8eebb0000 - 0x00007ff8ef344000 	C:\WINDOWS\SYSTEM32\windows.storage.dll
0x00007ff8f1670000 - 0x00007ff8f19c5000 	C:\WINDOWS\System32\combase.dll
0x00007ff8f04f0000 - 0x00007ff8f051e000 	C:\WINDOWS\SYSTEM32\Wldp.dll
0x00007ff8f19d0000 - 0x00007ff8f1a7d000 	C:\WINDOWS\System32\SHCORE.dll
0x00007ff8f1a80000 - 0x00007ff8f1ad5000 	C:\WINDOWS\System32\shlwapi.dll
0x00007ff8f09e0000 - 0x00007ff8f09ff000 	C:\WINDOWS\SYSTEM32\profapi.dll
0x00007ff8e1700000 - 0x00007ff8e1719000 	C:\Program Files\Java\jdk-17.0.1\bin\net.dll
0x00007ff8e2860000 - 0x00007ff8e296c000 	C:\WINDOWS\SYSTEM32\WINHTTP.dll
0x00007ff8f0200000 - 0x00007ff8f026a000 	C:\WINDOWS\system32\mswsock.dll
0x00007ff8e16b0000 - 0x00007ff8e16c5000 	C:\Program Files\Java\jdk-17.0.1\bin\nio.dll
0x00007ff8dff30000 - 0x00007ff8dff48000 	C:\Program Files\Java\jdk-17.0.1\bin\zip.dll

dbghelp: loaded successfully - version: 4.0.5 - missing functions: none
symbol engine: initialized successfully - sym options: 0x614 - pdb path: .;C:\Program Files\Java\jdk-17.0.1\bin;C:\WINDOWS\SYSTEM32;C:\WINDOWS\WinSxS\amd64_microsoft.windows.common-controls_6595b64144ccf1df_6.0.19041.1110_none_60b5254171f9507e;C:\Program Files\Java\jdk-17.0.1\bin\server

VM Arguments:
jvm_args: -Dfile.encoding=UTF-8 --module-path=C:\Users\rahma\Documents\NetBeansProjects\Hotel Management System\build\classes 
java_command: hotel.management.system.AddRooms
java_class_path (initial): C:\Program Files (x86)\MySQL\Connector J 8.0\mysql-connector-java-8.0.27.jar;C:\Program Files\MySQL\rs2xml.jar;C:\Users\rahma\Documents\NetBeansProjects\Hotel Management System\build\classes
Launcher Type: SUN_STANDARD

[Global flags]
     intx CICompilerCount                          = 3                                         {product} {ergonomic}
     uint ConcGCThreads                            = 1                                         {product} {ergonomic}
     uint G1ConcRefinementThreads                  = 4                                         {product} {ergonomic}
   size_t G1HeapRegionSize                         = 1048576                                   {product} {ergonomic}
    uintx GCDrainStackTargetSize                   = 64                                        {product} {ergonomic}
   size_t InitialHeapSize                          = 134217728                                 {product} {ergonomic}
   size_t MarkStackSize                            = 4194304                                   {product} {ergonomic}
   size_t MaxHeapSize                              = 2120220672                                {product} {ergonomic}
   size_t MaxNewSize                               = 1271922688                                {product} {ergonomic}
   size_t MinHeapDeltaBytes                        = 1048576                                   {product} {ergonomic}
   size_t MinHeapSize                              = 8388608                                   {product} {ergonomic}
    uintx NonNMethodCodeHeapSize                   = 5832780                                {pd product} {ergonomic}
    uintx NonProfiledCodeHeapSize                  = 122912730                              {pd product} {ergonomic}
    uintx ProfiledCodeHeapSize                     = 122912730                              {pd product} {ergonomic}
    uintx ReservedCodeCacheSize                    = 251658240                              {pd product} {ergonomic}
     bool SegmentedCodeCache                       = true                                      {product} {ergonomic}
   size_t SoftMaxHeapSize                          = 2120220672                             {manageable} {ergonomic}
     bool UseCompressedClassPointers               = true                           {product lp64_product} {ergonomic}
     bool UseCompressedOops                        = true                           {product lp64_product} {ergonomic}
     bool UseG1GC                                  = true                                      {product} {ergonomic}
     bool UseLargePagesIndividualAllocation        = false                                  {pd product} {ergonomic}

Logging:
Log output configuration:
 #0: stdout all=warning uptime,level,tags
 #1: stderr all=off uptime,level,tags

Environment Variables:
JAVA_HOME=C:\Program Files\Java\jdk-17.0.1
PATH=C:\Program Files\Common Files\Oracle\Java\javapath;C:\Program Files (x86)\Common Files\Oracle\Java\javapath;C:\WINDOWS\system32;C:\WINDOWS;C:\WINDOWS\System32\Wbem;C:\WINDOWS\System32\WindowsPowerShell\v1.0\;C:\WINDOWS\System32\OpenSSH\;C:\Program Files\Java\jdk-17.0.1\bin;C:\Program Files\Microsoft SQL Server\150\Tools\Binn\;C:\Program Files\dotnet\;C:\Program Files\Microsoft SQL Server\130\Tools\Binn\;C:\Program Files\Microsoft SQL Server\Client SDK\ODBC\170\Tools\Binn\;C:\Program Files\Cloudflare\Cloudflare WARP;C:\Program Files\MySQL\MySQL Shell 8.0\bin\;C:\Users\rahma\AppData\Local\Programs\Python\Python38\Scripts\;C:\Users\rahma\AppData\Local\Programs\Python\Python38\;C:\Users\rahma\AppData\Local\Microsoft\WindowsApps;C:\Users\rahma\AppData\Local\GitHubDesktop\bin;C:\Users\rahma\AppData\Local\Microsoft\WindowsApps;C:\Users\rahma\.dotnet\tools
USERNAME=rahma
OS=Windows_NT
PROCESSOR_IDENTIFIER=Intel64 Family 6 Model 94 Stepping 3, GenuineIntel



---------------  S Y S T E M  ---------------

OS:
 Windows 10 , 64 bit Build 19041 (10.0.19041.1348)
OS uptime: 0 days 3:19 hours

CPU: total 4 (initial active 4) (4 cores per cpu, 1 threads per core) family 6 model 94 stepping 3 microcode 0xcc, cx8, cmov, fxsr, mmx, 3dnowpref, sse, sse2, sse3, ssse3, sse4.1, sse4.2, popcnt, lzcnt, tsc, tscinvbit, avx, avx2, aes, erms, clmul, bmi1, bmi2, rtm, adx, fma, vzeroupper, clflush, clflushopt

Memory: 4k page, system-wide physical 8080M (994M free)
TotalPageFile size 21769M (AvailPageFile size 3M)
current process WorkingSet (physical memory assigned to process): 32M, peak: 32M
current process commit charge ("private bytes"): 203M, peak: 203M

vm_info: Java HotSpot(TM) 64-Bit Server VM (17.0.1+12-LTS-39) for windows-amd64 JRE (17.0.1+12-LTS-39), built on Sep 27 2021 18:41:35 by "mach5one" with MS VC++ 16.8 (VS2019)

END.
